<html>
<head>
<title>TestNG:  Test</title>
<link href="../testng.css" rel="stylesheet" type="text/css" />
<link href="../my-testng.css" rel="stylesheet" type="text/css" />

<style type="text/css">
.log { display: none;} 
.stack-trace { display: none;} 
</style>
<script type="text/javascript">
<!--
function flip(e) {
  current = e.style.display;
  if (current == 'block') {
    e.style.display = 'none';
    return 0;
  }
  else {
    e.style.display = 'block';
    return 1;
  }
}

function toggleBox(szDivId, elem, msg1, msg2)
{
  var res = -1;  if (document.getElementById) {
    res = flip(document.getElementById(szDivId));
  }
  else if (document.all) {
    // this is the way old msie versions work
    res = flip(document.all[szDivId]);
  }
  if(elem) {
    if(res == 0) elem.innerHTML = msg1; else elem.innerHTML = msg2;
  }

}

function toggleAllBoxes() {
  if (document.getElementsByTagName) {
    d = document.getElementsByTagName('div');
    for (i = 0; i < d.length; i++) {
      if (d[i].className == 'log') {
        flip(d[i]);
      }
    }
  }
}

// -->
</script>

</head>
<body>
<h2 align='center'>Test</h2><table border='1' align="center">
<tr>
<td>Tests passed/Failed/Skipped:</td><td>13/1/0</td>
</tr><tr>
<td>Started on:</td><td>Wed Jan 10 17:54:28 IST 2024</td>
</tr>
<tr><td>Total time:</td><td>705 seconds (705717 ms)</td>
</tr><tr>
<td>Included groups:</td><td></td>
</tr><tr>
<td>Excluded groups:</td><td></td>
</tr>
</table><p/>
<small><i>(Hover the method name to see the test class name)</i></small><p/>
<table width='100%' border='1' class='invocation-failed'>
<tr><td colspan='4' align='center'><b>FAILED TESTS</b></td></tr>
<tr><td><b>Test method</b></td>
<td><b>Attribute(s)</b></td>
<td width="30%"><b>Exception</b></td>
<td width="10%"><b>Time (seconds)</b></td>
<td><b>Instance</b></td>
</tr>
<tr>
<td title='tests.FirstSTDAttendance.FirstStdAttendance()'><b>FirstStdAttendance</b><br>Test class: tests.FirstSTDAttendance</td>
<td><div><pre>org.openqa.selenium.NoSuchWindowException: no such window: target window already closed
from unknown error: web view not found
  (Session info: chrome=120.0.6099.200)
Build info: version: &apos;4.16.1&apos;, revision: &apos;9b4c83354e&apos;
System info: os.name: &apos;Windows 11&apos;, os.arch: &apos;amd64&apos;, os.version: &apos;10.0&apos;, java.version: &apos;20.0.1&apos;
Driver info: org.openqa.selenium.chrome.ChromeDriver
Command: [2983961305e1492f024eeecb126e428a, screenshot {}]
Capabilities {acceptInsecureCerts: false, browserName: chrome, browserVersion: 120.0.6099.200, chrome: {chromedriverVersion: 120.0.6099.109 (3419140ab66..., userDataDir: C:\Users\vashw\AppData\Loca...}, fedcm:accounts: true, goog:chromeOptions: {debuggerAddress: localhost:50379}, networkConnectionEnabled: false, pageLoadStrategy: normal, platformName: windows, proxy: Proxy(), se:cdp: ws://localhost:50379/devtoo..., se:cdpVersion: 120.0.6099.200, setWindowRect: true, strictFileInteractability: false, timeouts: {implicit: 0, pageLoad: 300000, script: 30000}, unhandledPromptBehavior: dismiss and notify, webauthn:extension:credBlob: true, webauthn:extension:largeBlob: true, webauthn:extension:minPinLength: true, webauthn:extension:prf: true, webauthn:virtualAuthenticators: true}
Session ID: 2983961305e1492f024eeecb126e428a
	at org.openqa.selenium.remote.codec.w3c.W3CHttpResponseCodec.createException(W3CHttpResponseCodec.java:200)
	at org.openqa.selenium.remote.codec.w3c.W3CHttpResponseCodec.decode(W3CHttpResponseCodec.java:133)
	at org.openqa.selenium.remote.codec.w3c.W3CHttpResponseCodec.decode(W3CHttpResponseCodec.java:52)
	at org.openqa.selenium.remote.HttpCommandExecutor.execute(HttpCommandExecutor.java:191)
	at org.openqa.selenium.remote.service.DriverCommandExecutor.invokeExecute(DriverCommandExecutor.java:200)
	at org.openqa.selenium.remote.service.DriverCommandExecutor.execute(DriverCommandExecutor.java:175)
	at org.openqa.selenium.remote.RemoteWebDriver.execute(RemoteWebDriver.java:523)
	at org.openqa.selenium.remote.RemoteWebDriver.execute(RemoteWebDriver.java:596)
	at org.openqa.selenium.remote.RemoteWebDriver.execute(RemoteWebDriver.java:600)
	at org.openqa.selenium.remote.RemoteWebDriver.getScreenshotAs(RemoteWebDriver.java:326)
	at genericPages.CommonMethod.takeScreenShot(CommonMethod.java:105)
	at genericPages.CommonMethod.click(CommonMethod.java:158)
	at Pages.AttendancePage.markAttendanceForStudents(AttendancePage.java:26)
	at tests.FirstSTDAttendance.FirstStdAttendance(FirstSTDAttendance.java:60)
	at java.base/java.util.ArrayList.forEach(ArrayList.java:1511)
	at java.base/java.util.concurrent.FutureTask.run(FutureTask.java:317)
	at java.base/java.util.concurrent.ThreadPoolExecutor.runWorker(ThreadPoolExecutor.java:1144)
	at java.base/java.util.concurrent.ThreadPoolExecutor$Worker.run(ThreadPoolExecutor.java:642)
	at java.base/java.lang.Thread.run(Thread.java:1623)
... Removed 18 stack frames</pre></div><a href='#' onClick='toggleBox("stack-trace1832687464", this, "Click to show all stack frames", "Click to hide stack frames")'>Click to show all stack frames</a>
<div class='stack-trace' id='stack-trace1832687464'><pre>org.openqa.selenium.NoSuchWindowException: no such window: target window already closed
from unknown error: web view not found
  (Session info: chrome=120.0.6099.200)
Build info: version: &apos;4.16.1&apos;, revision: &apos;9b4c83354e&apos;
System info: os.name: &apos;Windows 11&apos;, os.arch: &apos;amd64&apos;, os.version: &apos;10.0&apos;, java.version: &apos;20.0.1&apos;
Driver info: org.openqa.selenium.chrome.ChromeDriver
Command: [2983961305e1492f024eeecb126e428a, screenshot {}]
Capabilities {acceptInsecureCerts: false, browserName: chrome, browserVersion: 120.0.6099.200, chrome: {chromedriverVersion: 120.0.6099.109 (3419140ab66..., userDataDir: C:\Users\vashw\AppData\Loca...}, fedcm:accounts: true, goog:chromeOptions: {debuggerAddress: localhost:50379}, networkConnectionEnabled: false, pageLoadStrategy: normal, platformName: windows, proxy: Proxy(), se:cdp: ws://localhost:50379/devtoo..., se:cdpVersion: 120.0.6099.200, setWindowRect: true, strictFileInteractability: false, timeouts: {implicit: 0, pageLoad: 300000, script: 30000}, unhandledPromptBehavior: dismiss and notify, webauthn:extension:credBlob: true, webauthn:extension:largeBlob: true, webauthn:extension:minPinLength: true, webauthn:extension:prf: true, webauthn:virtualAuthenticators: true}
Session ID: 2983961305e1492f024eeecb126e428a
	at java.base/jdk.internal.reflect.DirectConstructorHandleAccessor.newInstance(DirectConstructorHandleAccessor.java:67)
	at java.base/java.lang.reflect.Constructor.newInstanceWithCaller(Constructor.java:500)
	at java.base/java.lang.reflect.Constructor.newInstance(Constructor.java:484)
	at org.openqa.selenium.remote.codec.w3c.W3CHttpResponseCodec.createException(W3CHttpResponseCodec.java:200)
	at org.openqa.selenium.remote.codec.w3c.W3CHttpResponseCodec.decode(W3CHttpResponseCodec.java:133)
	at org.openqa.selenium.remote.codec.w3c.W3CHttpResponseCodec.decode(W3CHttpResponseCodec.java:52)
	at org.openqa.selenium.remote.HttpCommandExecutor.execute(HttpCommandExecutor.java:191)
	at org.openqa.selenium.remote.service.DriverCommandExecutor.invokeExecute(DriverCommandExecutor.java:200)
	at org.openqa.selenium.remote.service.DriverCommandExecutor.execute(DriverCommandExecutor.java:175)
	at org.openqa.selenium.remote.RemoteWebDriver.execute(RemoteWebDriver.java:523)
	at org.openqa.selenium.remote.RemoteWebDriver.execute(RemoteWebDriver.java:596)
	at org.openqa.selenium.remote.RemoteWebDriver.execute(RemoteWebDriver.java:600)
	at org.openqa.selenium.remote.RemoteWebDriver.getScreenshotAs(RemoteWebDriver.java:326)
	at genericPages.CommonMethod.takeScreenShot(CommonMethod.java:105)
	at genericPages.CommonMethod.click(CommonMethod.java:158)
	at Pages.AttendancePage.markAttendanceForStudents(AttendancePage.java:26)
	at tests.FirstSTDAttendance.FirstStdAttendance(FirstSTDAttendance.java:60)
	at java.base/jdk.internal.reflect.DirectMethodHandleAccessor.invoke(DirectMethodHandleAccessor.java:104)
	at java.base/java.lang.reflect.Method.invoke(Method.java:578)
	at org.testng.internal.invokers.MethodInvocationHelper.invokeMethod(MethodInvocationHelper.java:139)
	at org.testng.internal.invokers.TestInvoker.invokeMethod(TestInvoker.java:664)
	at org.testng.internal.invokers.TestInvoker.invokeTestMethod(TestInvoker.java:227)
	at org.testng.internal.invokers.MethodRunner.runInSequence(MethodRunner.java:50)
	at org.testng.internal.invokers.TestInvoker$MethodInvocationAgent.invoke(TestInvoker.java:957)
	at org.testng.internal.invokers.TestInvoker.invokeTestMethods(TestInvoker.java:200)
	at org.testng.internal.invokers.TestMethodWorker.invokeTestMethods(TestMethodWorker.java:148)
	at org.testng.internal.invokers.TestMethodWorker.run(TestMethodWorker.java:128)
	at java.base/java.util.ArrayList.forEach(ArrayList.java:1511)
	at org.testng.TestRunner.privateRun(TestRunner.java:848)
	at org.testng.TestRunner.run(TestRunner.java:621)
	at org.testng.SuiteRunner.runTest(SuiteRunner.java:443)
	at org.testng.SuiteRunner$SuiteWorker.run(SuiteRunner.java:481)
	at org.testng.internal.thread.ThreadUtil.lambda$execute$0(ThreadUtil.java:58)
	at java.base/java.util.concurrent.FutureTask.run(FutureTask.java:317)
	at java.base/java.util.concurrent.ThreadPoolExecutor.runWorker(ThreadPoolExecutor.java:1144)
	at java.base/java.util.concurrent.ThreadPoolExecutor$Worker.run(ThreadPoolExecutor.java:642)
	at java.base/java.lang.Thread.run(Thread.java:1623)
</pre></div></td>
<td>42</td>
<td>tests.FirstSTDAttendance@366647c2</td></tr>
</table><p>
<table width='100%' border='1' class='invocation-passed'>
<tr><td colspan='4' align='center'><b>PASSED TESTS</b></td></tr>
<tr><td><b>Test method</b></td>
<td><b>Attribute(s)</b></td>
<td width="30%"><b>Exception</b></td>
<td width="10%"><b>Time (seconds)</b></td>
<td><b>Instance</b></td>
</tr>
<tr>
<td title='tests.NienthSTDAttendance.NienthSTD()'><b>NienthSTD</b><br>Test class: tests.NienthSTDAttendance</td>
<td></td>
<td>37</td>
<td>tests.NienthSTDAttendance@6a370f4</td></tr>
<tr>
<td title='tests.FifthSTDAttendance.FifthStdAttendance()'><b>FifthStdAttendance</b><br>Test class: tests.FifthSTDAttendance</td>
<td></td>
<td>33</td>
<td>tests.FifthSTDAttendance@4da4253</td></tr>
<tr>
<td title='tests.TwelthSTDAttendance.twelthStdAttendance()'><b>twelthStdAttendance</b><br>Test class: tests.TwelthSTDAttendance</td>
<td></td>
<td>33</td>
<td>tests.TwelthSTDAttendance@4cc8eb05</td></tr>
<tr>
<td title='tests.EleventhSTDAttendance.EleventhStdAttendance()'><b>EleventhStdAttendance</b><br>Test class: tests.EleventhSTDAttendance</td>
<td></td>
<td>33</td>
<td>tests.EleventhSTDAttendance@770d3326</td></tr>
<tr>
<td title='tests.UKGClassAttendance.FirstStdAttendance()'><b>FirstStdAttendance</b><br>Test class: tests.UKGClassAttendance</td>
<td></td>
<td>32</td>
<td>tests.UKGClassAttendance@482bce4f</td></tr>
<tr>
<td title='tests.FourthSTDAttendance.FirstStdAttendance()'><b>FirstStdAttendance</b><br>Test class: tests.FourthSTDAttendance</td>
<td></td>
<td>34</td>
<td>tests.FourthSTDAttendance@865dd6</td></tr>
<tr>
<td title='tests.ThirdSTDAttendance.FirstStdAttendance()'><b>FirstStdAttendance</b><br>Test class: tests.ThirdSTDAttendance</td>
<td></td>
<td>33</td>
<td>tests.ThirdSTDAttendance@1649b0e6</td></tr>
<tr>
<td title='tests.SixthSTDAttendance.FirstStdAttendance()'><b>FirstStdAttendance</b><br>Test class: tests.SixthSTDAttendance</td>
<td></td>
<td>44</td>
<td>tests.SixthSTDAttendance@3972a855</td></tr>
<tr>
<td title='tests.SeventhSTDAttendance.SeventhStdAttendance()'><b>SeventhStdAttendance</b><br>Test class: tests.SeventhSTDAttendance</td>
<td></td>
<td>33</td>
<td>tests.SeventhSTDAttendance@62e7f11d</td></tr>
<tr>
<td title='tests.SecondSTDAttendance.FirstStdAttendance()'><b>FirstStdAttendance</b><br>Test class: tests.SecondSTDAttendance</td>
<td></td>
<td>33</td>
<td>tests.SecondSTDAttendance@6a6afff2</td></tr>
<tr>
<td title='tests.EightSTDAttendance.EightStdAttendance()'><b>EightStdAttendance</b><br>Test class: tests.EightSTDAttendance</td>
<td></td>
<td>61</td>
<td>tests.EightSTDAttendance@503d687a</td></tr>
<tr>
<td title='tests.TenthSTDAttendance.tenthStdAttendance()'><b>tenthStdAttendance</b><br>Test class: tests.TenthSTDAttendance</td>
<td></td>
<td>32</td>
<td>tests.TenthSTDAttendance@2abf4075</td></tr>
<tr>
<td title='tests.LKGClassAttendance.FirstStdAttendance()'><b>FirstStdAttendance</b><br>Test class: tests.LKGClassAttendance</td>
<td></td>
<td>42</td>
<td>tests.LKGClassAttendance@40cb8df7</td></tr>
</table><p>
</body>
</html>